
17:56:59.257 [main] INFO  - Open Doorstepwash Website...
17:57:00.324 [main] INFO  - Selecting Service Type as 'Car'...
17:57:03.563 [main] INFO  - Selecting SubCategory as 'SUV'...
17:57:06.831 [main] INFO  - Click On 'Go For It' Button...
17:57:09.460 [main] INFO  - Redirected to Car Service Details Page...
17:57:09.766 [main] INFO  - Capturing Service Name...
17:57:11.980 [main] INFO  - Capturing Booking Amount...
17:57:25.684 [main] INFO  - Clicking On 'Register' Option...
17:57:27.955 [main] INFO  - Entering User Details...
17:57:28.662 [main] INFO  - Clicking On 'Signup' Button...
17:57:28.880 [main] INFO  - Capturing Error Message...
17:57:46.934 [main] INFO  - Navigating Back To Home Page...
17:57:54.288 [main] INFO  - Clicking On 'Our Centers' option...
17:57:57.888 [main] INFO  - Selecting First Set Of State and City from Dropdowns...
17:58:02.427 [main] INFO  - Getting the list of Service Address Details...
17:58:02.779 [main] INFO  - Selecting Second Set Of State and City from Dropdowns...
17:58:08.266 [main] INFO  - Getting the list of Service Address Details...
17:58:08.788 [main] INFO  - Selecting Third Set Of State and City from Dropdowns...
17:58:14.308 [main] INFO  - Getting the list of Service Address Details...
18:28:34.041 [main] INFO  - Open Doorstepwash Website...
18:28:34.652 [main] INFO  - Selecting Service Type as 'Car'...
18:28:37.366 [main] INFO  - Selecting SubCategory as 'SUV'...
18:28:40.071 [main] INFO  - Click On 'Go For It' Button...
18:28:41.833 [main] INFO  - Redirected to Car Service Details Page...
18:28:42.064 [main] INFO  - Capturing Service Name...
18:28:43.335 [main] INFO  - Capturing Booking Amount...
18:28:54.928 [main] INFO  - Clicking On 'Register' Option...
18:28:56.649 [main] INFO  - Entering User Details...
18:28:57.192 [main] INFO  - Clicking On 'Signup' Button...
18:28:57.363 [main] INFO  - Capturing Error Message...
18:29:08.543 [main] INFO  - Navigating Back To Home Page...
18:29:16.902 [main] INFO  - Clicking On 'Our Centers' option...
18:29:19.529 [main] INFO  - Selecting First Set Of State and City from Dropdowns...
18:29:24.262 [main] INFO  - Getting the list of Service Address Details...
18:29:24.479 [main] INFO  - Selecting Second Set Of State and City from Dropdowns...
18:29:29.872 [main] INFO  - Getting the list of Service Address Details...
18:29:30.196 [main] INFO  - Selecting Third Set Of State and City from Dropdowns...
18:29:35.620 [main] INFO  - Getting the list of Service Address Details...
18:40:29.883 [main] INFO  - Open Doorstepwash Website...
18:40:30.513 [main] INFO  - Selecting Service Type as 'Car'...
18:40:33.273 [main] INFO  - Selecting SubCategory as 'SUV'...
18:40:36.032 [main] INFO  - Click On 'Go For It' Button...
18:40:38.269 [main] INFO  - Redirected to Car Service Details Page...
18:40:38.546 [main] INFO  - Capturing Service Name...
18:40:39.890 [main] INFO  - Capturing Booking Amount...
18:40:51.598 [main] INFO  - Clicking On 'Register' Option...
18:40:53.314 [main] INFO  - Entering User Details...
18:40:53.819 [main] INFO  - Clicking On 'Signup' Button...
18:40:54.019 [main] INFO  - Capturing Error Message...
18:41:06.088 [main] INFO  - Navigating Back To Home Page...
18:41:13.627 [main] INFO  - Clicking On 'Our Centers' option...
18:41:16.916 [main] INFO  - Selecting First Set Of State and City from Dropdowns...
18:41:22.056 [main] INFO  - Getting the list of Service Address Details...
18:41:22.307 [main] INFO  - Selecting Second Set Of State and City from Dropdowns...
18:41:27.895 [main] INFO  - Getting the list of Service Address Details...
18:41:28.468 [main] INFO  - Selecting Third Set Of State and City from Dropdowns...
18:41:33.935 [main] INFO  - Getting the list of Service Address Details...
21:15:26.011 [main] INFO  - Open Doorstepwash Website...
21:15:27.099 [main] INFO  - Selecting Service Type as 'Car'...
21:15:30.568 [main] INFO  - Selecting SubCategory as 'SUV'...
21:15:33.959 [main] INFO  - Click On 'Go For It' Button...
21:15:36.157 [main] INFO  - Redirected to Car Service Details Page...
21:15:36.469 [main] INFO  - Capturing Service Name...
21:15:38.405 [main] INFO  - Capturing Booking Amount...
21:15:49.206 [main] INFO  - Clicking On 'Register' Option...
21:15:49.966 [main] INFO  - Entering User Details...
21:15:50.572 [main] INFO  - Clicking On 'Signup' Button...
21:15:50.754 [main] INFO  - Capturing Error Message...
21:16:01.109 [main] INFO  - Navigating Back To Home Page...
21:16:06.108 [main] INFO  - Clicking On 'Our Centers' option...
21:16:08.326 [main] INFO  - Selecting First Set Of State and City from Dropdowns...
21:16:12.978 [main] INFO  - Getting the list of Service Address Details...
21:16:13.297 [main] INFO  - Selecting Second Set Of State and City from Dropdowns...
21:16:18.981 [main] INFO  - Getting the list of Service Address Details...
21:16:19.542 [main] INFO  - Selecting Third Set Of State and City from Dropdowns...
21:16:25.095 [main] INFO  - Getting the list of Service Address Details...
21:32:50.123 [main] INFO  - Open Doorstepwash Website...
21:32:50.778 [main] INFO  - Selecting Service Type as 'Car'...
21:32:53.836 [main] INFO  - Selecting SubCategory as 'SUV'...
21:32:56.954 [main] INFO  - Click On 'Go For It' Button...
21:32:59.734 [main] INFO  - Redirected to Car Service Details Page...
21:33:00.046 [main] INFO  - Capturing Service Name...
21:33:02.337 [main] INFO  - Capturing Booking Amount...
21:33:13.563 [main] INFO  - Clicking On 'Register' Option...
21:33:14.448 [main] INFO  - Entering User Details...
21:33:15.326 [main] INFO  - Clicking On 'Signup' Button...
21:33:15.555 [main] INFO  - Capturing Error Message...
21:33:27.286 [main] INFO  - Navigating Back To Home Page...
21:33:32.245 [main] INFO  - Clicking On 'Our Centers' option...
21:33:33.937 [main] INFO  - Selecting First Set Of State and City from Dropdowns...
21:33:38.626 [main] INFO  - Getting the list of Service Address Details...
21:33:38.903 [main] INFO  - Selecting Second Set Of State and City from Dropdowns...
21:33:44.411 [main] INFO  - Getting the list of Service Address Details...
21:33:44.913 [main] INFO  - Selecting Third Set Of State and City from Dropdowns...
21:33:50.469 [main] INFO  - Getting the list of Service Address Details...
